Removed Pin From Net: NetName=NetDA5_2 Pin=XW4-1
Removed Pin From Net: NetName=GND Pin=XW4-2
Removed Pin From Net: NetName=GND Pin=XW4-2
Removed Pin From Net: NetName=GND Pin=XW4-2
Removed Pin From Net: NetName=GND Pin=XW4-2
Removed Member From Class: ClassName=AMP3 Member=XW4
Removed Member From Class: ClassName=Принципиальная схема Member=XW4
Added Component: Designator=XW?(S-P2152-19CQA)
Add component (AddParameter): Name = "ClassName"; Value = "AMP3"; VariantName = "[No Variations]"
Add Pin To Net: Unknown Pin: Pin C1-3
Add Pin To Net: Unknown Pin: Pin C1-4
Add Pin To Net: Unknown Pin: Pin C2-3
Add Pin To Net: Unknown Pin: Pin C2-4
Add Pin To Net: Unknown Pin: Pin C3-3
Add Pin To Net: Unknown Pin: Pin C3-4
Add Pin To Net: Unknown Pin: Pin C4-3
Add Pin To Net: Unknown Pin: Pin C4-4
Add Pin To Net: Unknown Pin: Pin C5-3
Add Pin To Net: Unknown Pin: Pin C5-4
Add Pin To Net: Unknown Pin: Pin C6-3
Add Pin To Net: Unknown Pin: Pin C6-4
Add Pin To Net: Unknown Pin: Pin C7-3
Add Pin To Net: Unknown Pin: Pin C7-4
Add Pin To Net: Unknown Pin: Pin C8-3
Add Pin To Net: Unknown Pin: Pin C8-4
Add Pin To Net: Unknown Pin: Pin C9-3
Add Pin To Net: Unknown Pin: Pin C9-4
Add Pin To Net: Unknown Pin: Pin C10-3
Add Pin To Net: Unknown Pin: Pin C10-4
Add Pin To Net: Unknown Pin: Pin C11-3
Add Pin To Net: Unknown Pin: Pin C11-4
Add Pin To Net: Unknown Pin: Pin C12-3
Add Pin To Net: Unknown Pin: Pin C12-4
Add Pin To Net: Unknown Pin: Pin C13-3
Add Pin To Net: Unknown Pin: Pin C13-4
Add Pin To Net: Unknown Pin: Pin C14-3
Add Pin To Net: Unknown Pin: Pin C14-4
Add Pin To Net: Unknown Pin: Pin C15-3
Add Pin To Net: Unknown Pin: Pin C15-4
Add Pin To Net: Unknown Pin: Pin C16-3
Add Pin To Net: Unknown Pin: Pin C16-4
Add Pin To Net: Unknown Pin: Pin L1-5
Add Pin To Net: Unknown Pin: Pin L1-5
Add Pin To Net: Unknown Pin: Pin L2-5
Add Pin To Net: Unknown Pin: Pin L2-5
Add Pin To Net: Unknown Pin: Pin L3-5
Add Pin To Net: Unknown Pin: Pin L3-5
Add Pin To Net: Unknown Pin: Pin L4-5
Add Pin To Net: Unknown Pin: Pin L4-5
Add Pin To Net: Unknown Pin: Pin L5-5
Add Pin To Net: Unknown Pin: Pin L5-5
Add Pin To Net: Unknown Pin: Pin L6-5
Add Pin To Net: Unknown Pin: Pin L6-5
Add Pin To Net: Unknown Pin: Pin L7-5
Add Pin To Net: Unknown Pin: Pin L7-5
Add Pin To Net: Unknown Pin: Pin L8-5
Add Pin To Net: Unknown Pin: Pin L8-5
Added Pin To Net: NetName=NetDA5_2 Pin=XW?-1
Added Pin To Net: NetName=GND Pin=XW?-2
Added Pin To Net: NetName=GND Pin=XW?-2
Added Pin To Net: NetName=GND Pin=XW?-2
Added Pin To Net: NetName=GND Pin=XW?-2
Added Member To Class: ClassName=AMP3 Member=Component XW? SMA
Added Member To Class: ClassName=Принципиальная схема Member=Component XW? SMA
