Added Class: Name=C1_Nets
Added Class: Name=C2_Nets
Added Class: Name=C3_Nets
Added Class: Name=C4_Nets
Added Class: Name=C5_Nets
Added Class: Name=C6_Nets
Added Class: Name=C7_Nets
Added Class: Name=C8_Nets
Added Class: Name=C9_Nets
Added Class: Name=C10_Nets
Added Class: Name=C11_Nets
Added Class: Name=C12_Nets
Added Class: Name=C13_Nets
Added Class: Name=C14_Nets
Added Class: Name=C15_Nets
Added Class: Name=C16_Nets
Added Class: Name=DA1_Nets
Added Class: Name=DA2_Nets
Added Class: Name=DA3_Nets
Added Class: Name=DA4_Nets
Added Class: Name=DA5_Nets
Added Class: Name=L1_Nets
Added Class: Name=L2_Nets
Added Class: Name=L3_Nets
Added Class: Name=L4_Nets
Added Class: Name=L5_Nets
Added Class: Name=L6_Nets
Added Class: Name=L7_Nets
Added Class: Name=L8_Nets
Added Class: Name=R1_Nets
Added Class: Name=X1_Nets
Added Class: Name=X2_Nets
Added Class: Name=XW1_Nets
Added Class: Name=XW2_Nets
Added Class: Name=XW3_Nets
Added Class: Name=XW4_Nets
Added Member To Class: ClassName=RF Member=Wire NetC3_1
Added Member To Class: ClassName=RF Member=Wire NetC3_2
Added Member To Class: ClassName=RF Member=Wire NetC8_1
Added Member To Class: ClassName=RF Member=Wire NetC8_2
Added Member To Class: ClassName=RF Member=Wire NetC9_1
Added Member To Class: ClassName=RF Member=Wire NetC9_2
Added Member To Class: ClassName=RF Member=Wire NetC10_1
Added Member To Class: ClassName=RF Member=Wire NetC10_2
Added Member To Class: ClassName=RF Member=Wire NetC16_1
Added Member To Class: ClassName=RF Member=Wire NetDA1_2
Added Member To Class: ClassName=RF Member=Wire NetDA3_2
Added Member To Class: ClassName=RF Member=Wire NetDA5_2
