Added Pin To Net: NetName=NetC16_2 Pin=C3-1
Added Pin To Net: NetName=NetC16_2 Pin=C3-2
Added Pin To Net: NetName=NetC16_2 Pin=C8-1
Added Pin To Net: NetName=NetC16_2 Pin=C8-2
Added Pin To Net: NetName=NetC16_2 Pin=C9-1
Added Pin To Net: NetName=NetC16_2 Pin=C9-2
Added Pin To Net: NetName=NetC16_2 Pin=C10-1
Added Pin To Net: NetName=NetC16_2 Pin=C10-2
Added Pin To Net: NetName=NetC16_2 Pin=C16-1
Added Pin To Net: NetName=NetC16_2 Pin=DA1-2
Added Pin To Net: NetName=NetC16_2 Pin=DA1-8
Added Pin To Net: NetName=NetC16_2 Pin=DA2-4
Added Pin To Net: NetName=NetC16_2 Pin=DA2-9
Added Pin To Net: NetName=NetC16_2 Pin=DA2-12
Added Pin To Net: NetName=NetC16_2 Pin=DA2-15
Added Pin To Net: NetName=NetC16_2 Pin=DA3-2
Added Pin To Net: NetName=NetC16_2 Pin=DA3-8
Added Pin To Net: NetName=NetC16_2 Pin=DA4-2
Added Pin To Net: NetName=NetC16_2 Pin=DA4-8
Added Pin To Net: NetName=NetC16_2 Pin=DA5-2
Added Pin To Net: NetName=NetC16_2 Pin=L1-1
Added Pin To Net: NetName=NetC16_2 Pin=L2-2
Added Pin To Net: NetName=NetC16_2 Pin=L3-1
Added Pin To Net: NetName=NetC16_2 Pin=L4-1
Added Pin To Net: NetName=NetC16_2 Pin=L5-2
Added Pin To Net: NetName=NetC16_2 Pin=L6-2
Added Pin To Net: NetName=NetC16_2 Pin=L8-2
Added Pin To Net: NetName=NetC16_2 Pin=XW1-1
Added Pin To Net: NetName=NetC16_2 Pin=XW2-1
Added Pin To Net: NetName=NetC16_2 Pin=XW3-1
Added Pin To Net: NetName=NetC16_2 Pin=XW4-1
Change Net Name : Old Net Name=NetC16_2 New Net Name=50 Ohm
