Removed Pin From Net: NetName=50 Ohm Pin=C3-1
Removed Pin From Net: NetName=50 Ohm Pin=C3-2
Removed Pin From Net: NetName=50 Ohm Pin=C8-1
Removed Pin From Net: NetName=50 Ohm Pin=C8-2
Removed Pin From Net: NetName=50 Ohm Pin=C9-1
Removed Pin From Net: NetName=50 Ohm Pin=C10-1
Removed Pin From Net: NetName=50 Ohm Pin=C10-2
Removed Pin From Net: NetName=50 Ohm Pin=C16-1
Removed Pin From Net: NetName=50 Ohm Pin=C16-2
Removed Pin From Net: NetName=50 Ohm Pin=DA1-2
Removed Pin From Net: NetName=50 Ohm Pin=DA1-8
Removed Pin From Net: NetName=50 Ohm Pin=DA2-4
Removed Pin From Net: NetName=50 Ohm Pin=DA2-9
Removed Pin From Net: NetName=50 Ohm Pin=DA2-12
Removed Pin From Net: NetName=50 Ohm Pin=DA2-15
Removed Pin From Net: NetName=50 Ohm Pin=DA3-2
Removed Pin From Net: NetName=50 Ohm Pin=DA3-8
Removed Pin From Net: NetName=50 Ohm Pin=DA4-2
Removed Pin From Net: NetName=50 Ohm Pin=DA5-2
Removed Pin From Net: NetName=50 Ohm Pin=DA5-8
Removed Pin From Net: NetName=50 Ohm Pin=L1-1
Removed Pin From Net: NetName=50 Ohm Pin=L2-2
Removed Pin From Net: NetName=50 Ohm Pin=L3-1
Removed Pin From Net: NetName=50 Ohm Pin=L5-2
Removed Pin From Net: NetName=50 Ohm Pin=L6-2
Removed Pin From Net: NetName=50 Ohm Pin=L7-1
Removed Pin From Net: NetName=50 Ohm Pin=L8-2
Removed Pin From Net: NetName=50 Ohm Pin=XW1-1
Removed Pin From Net: NetName=50 Ohm Pin=XW2-1
Removed Pin From Net: NetName=50 Ohm Pin=XW3-1
Removed Pin From Net: NetName=50 Ohm Pin=XW4-1
Change Net Name : Old Net Name=50 Ohm New Net Name=NetC9_2
Added Pin To Net: NetName=NetC3_1 Pin=C3-1
Added Pin To Net: NetName=NetC3_1 Pin=DA2-12
Added Net: Name=NetC3_1
Added Pin To Net: NetName=NetC3_2 Pin=C3-2
Added Pin To Net: NetName=NetC3_2 Pin=DA1-8
Added Pin To Net: NetName=NetC3_2 Pin=L1-1
Added Net: Name=NetC3_2
Added Pin To Net: NetName=NetC8_1 Pin=C8-1
Added Pin To Net: NetName=NetC8_1 Pin=DA2-9
Added Net: Name=NetC8_1
Added Pin To Net: NetName=NetC8_2 Pin=C8-2
Added Pin To Net: NetName=NetC8_2 Pin=DA3-8
Added Pin To Net: NetName=NetC8_2 Pin=L3-1
Added Net: Name=NetC8_2
Added Pin To Net: NetName=NetC9_1 Pin=C9-1
Added Pin To Net: NetName=NetC9_1 Pin=XW3-1
Added Net: Name=NetC9_1
Added Pin To Net: NetName=NetC10_1 Pin=C10-1
Added Pin To Net: NetName=NetC10_1 Pin=DA4-2
Added Pin To Net: NetName=NetC10_1 Pin=L6-2
Added Net: Name=NetC10_1
Added Pin To Net: NetName=NetC10_2 Pin=C10-2
Added Pin To Net: NetName=NetC10_2 Pin=DA2-15
Added Net: Name=NetC10_2
Added Pin To Net: NetName=NetC16_1 Pin=C16-1
Added Pin To Net: NetName=NetC16_1 Pin=DA2-4
Added Net: Name=NetC16_1
Added Pin To Net: NetName=NetC16_2 Pin=C16-2
Added Pin To Net: NetName=NetC16_2 Pin=DA5-8
Added Pin To Net: NetName=NetC16_2 Pin=L7-1
Added Net: Name=NetC16_2
Added Pin To Net: NetName=NetDA1_2 Pin=DA1-2
Added Pin To Net: NetName=NetDA1_2 Pin=L2-2
Added Pin To Net: NetName=NetDA1_2 Pin=XW1-1
Added Net: Name=NetDA1_2
Added Pin To Net: NetName=NetDA3_2 Pin=DA3-2
Added Pin To Net: NetName=NetDA3_2 Pin=L5-2
Added Pin To Net: NetName=NetDA3_2 Pin=XW2-1
Added Net: Name=NetDA3_2
Added Pin To Net: NetName=NetDA5_2 Pin=DA5-2
Added Pin To Net: NetName=NetDA5_2 Pin=L8-2
Added Pin To Net: NetName=NetDA5_2 Pin=XW4-1
Added Net: Name=NetDA5_2
Added Class: Name=RF
